{"/Users/aaroncalahorra/Documents/BYUI/CSE341-FinalProject/server.js": {"path":"/Users/aaroncalahorra/Documents/BYUI/CSE341-FinalProject/server.js","statementMap":{"0":{"start":{"line":1,"column":16},"end":{"line":1,"column":34}},"1":{"start":{"line":2,"column":16},"end":{"line":2,"column":45}},"2":{"start":{"line":3,"column":19},"end":{"line":3,"column":41}},"3":{"start":{"line":4,"column":16},"end":{"line":4,"column":42}},"4":{"start":{"line":8,"column":12},"end":{"line":8,"column":21}},"5":{"start":{"line":9,"column":13},"end":{"line":9,"column":17}},"6":{"start":{"line":13,"column":0},"end":{"line":19,"column":33}},"7":{"start":{"line":16,"column":4},"end":{"line":16,"column":54}},"8":{"start":{"line":17,"column":4},"end":{"line":17,"column":11}},"9":{"start":{"line":23,"column":0},"end":{"line":30,"column":5}},"10":{"start":{"line":25,"column":6},"end":{"line":25,"column":23}},"11":{"start":{"line":27,"column":6},"end":{"line":27,"column":66}},"12":{"start":{"line":29,"column":6},"end":{"line":29,"column":55}}},"fnMap":{"0":{"name":"(anonymous_0)","decl":{"start":{"line":15,"column":7},"end":{"line":15,"column":8}},"loc":{"start":{"line":15,"column":27},"end":{"line":18,"column":3}},"line":15},"1":{"name":"(anonymous_1)","decl":{"start":{"line":23,"column":15},"end":{"line":23,"column":16}},"loc":{"start":{"line":23,"column":33},"end":{"line":30,"column":3}},"line":23}},"branchMap":{},"s":{"0":1,"1":1,"2":1,"3":1,"4":1,"5":1,"6":1,"7":0,"8":0,"9":1,"10":0,"11":0,"12":0},"f":{"0":0,"1":0},"b":{},"_coverageSchema":"1a1c01bbd47fc00a2c39e90264f33305004495a9","hash":"55ee0556de9f875a5500a695e0cb386efa70b0ba"}
,"/Users/aaroncalahorra/Documents/BYUI/CSE341-FinalProject/controllers/agents.js": {"path":"/Users/aaroncalahorra/Documents/BYUI/CSE341-FinalProject/controllers/agents.js","statementMap":{"0":{"start":{"line":2,"column":16},"end":{"line":2,"column":46}},"1":{"start":{"line":4,"column":17},"end":{"line":4,"column":44}},"2":{"start":{"line":8,"column":18},"end":{"line":21,"column":1}},"3":{"start":{"line":11,"column":17},"end":{"line":11,"column":78}},"4":{"start":{"line":13,"column":2},"end":{"line":20,"column":3}},"5":{"start":{"line":14,"column":4},"end":{"line":14,"column":108}},"6":{"start":{"line":16,"column":4},"end":{"line":19,"column":7}},"7":{"start":{"line":17,"column":6},"end":{"line":17,"column":56}},"8":{"start":{"line":18,"column":6},"end":{"line":18,"column":34}},"9":{"start":{"line":25,"column":17},"end":{"line":42,"column":1}},"10":{"start":{"line":27,"column":2},"end":{"line":41,"column":3}},"11":{"start":{"line":28,"column":4},"end":{"line":28,"column":66}},"12":{"start":{"line":31,"column":17},"end":{"line":31,"column":44}},"13":{"start":{"line":33,"column":19},"end":{"line":35,"column":6}},"14":{"start":{"line":37,"column":4},"end":{"line":40,"column":7}},"15":{"start":{"line":38,"column":6},"end":{"line":38,"column":56}},"16":{"start":{"line":39,"column":6},"end":{"line":39,"column":37}},"17":{"start":{"line":46,"column":17},"end":{"line":74,"column":1}},"18":{"start":{"line":49,"column":16},"end":{"line":57,"column":3}},"19":{"start":{"line":58,"column":2},"end":{"line":73,"column":3}},"20":{"start":{"line":60,"column":21},"end":{"line":60,"column":92}},"21":{"start":{"line":62,"column":4},"end":{"line":69,"column":5}},"22":{"start":{"line":63,"column":6},"end":{"line":63,"column":37}},"23":{"start":{"line":64,"column":6},"end":{"line":64,"column":77}},"24":{"start":{"line":68,"column":6},"end":{"line":68,"column":110}},"25":{"start":{"line":71,"column":4},"end":{"line":71,"column":76}},"26":{"start":{"line":72,"column":4},"end":{"line":72,"column":23}},"27":{"start":{"line":77,"column":20},"end":{"line":110,"column":1}},"28":{"start":{"line":80,"column":17},"end":{"line":80,"column":44}},"29":{"start":{"line":82,"column":16},"end":{"line":90,"column":3}},"30":{"start":{"line":91,"column":2},"end":{"line":109,"column":3}},"31":{"start":{"line":93,"column":21},"end":{"line":95,"column":13}},"32":{"start":{"line":97,"column":4},"end":{"line":105,"column":5}},"33":{"start":{"line":98,"column":6},"end":{"line":98,"column":29}},"34":{"start":{"line":99,"column":6},"end":{"line":99,"column":77}},"35":{"start":{"line":103,"column":6},"end":{"line":103,"column":111}},"36":{"start":{"line":104,"column":6},"end":{"line":104,"column":28}},"37":{"start":{"line":107,"column":4},"end":{"line":107,"column":76}},"38":{"start":{"line":108,"column":4},"end":{"line":108,"column":23}},"39":{"start":{"line":115,"column":20},"end":{"line":134,"column":1}},"40":{"start":{"line":117,"column":2},"end":{"line":133,"column":3}},"41":{"start":{"line":118,"column":4},"end":{"line":118,"column":71}},"42":{"start":{"line":121,"column":19},"end":{"line":121,"column":46}},"43":{"start":{"line":123,"column":21},"end":{"line":123,"column":106}},"44":{"start":{"line":125,"column":4},"end":{"line":132,"column":5}},"45":{"start":{"line":126,"column":6},"end":{"line":126,"column":29}},"46":{"start":{"line":127,"column":6},"end":{"line":127,"column":73}},"47":{"start":{"line":131,"column":6},"end":{"line":131,"column":111}},"48":{"start":{"line":137,"column":0},"end":{"line":143,"column":2}}},"fnMap":{"0":{"name":"(anonymous_0)","decl":{"start":{"line":8,"column":18},"end":{"line":8,"column":19}},"loc":{"start":{"line":8,"column":38},"end":{"line":21,"column":1}},"line":8},"1":{"name":"(anonymous_1)","decl":{"start":{"line":16,"column":26},"end":{"line":16,"column":27}},"loc":{"start":{"line":16,"column":37},"end":{"line":19,"column":5}},"line":16},"2":{"name":"(anonymous_2)","decl":{"start":{"line":25,"column":17},"end":{"line":25,"column":18}},"loc":{"start":{"line":25,"column":37},"end":{"line":42,"column":1}},"line":25},"3":{"name":"(anonymous_3)","decl":{"start":{"line":37,"column":26},"end":{"line":37,"column":27}},"loc":{"start":{"line":37,"column":37},"end":{"line":40,"column":5}},"line":37},"4":{"name":"(anonymous_4)","decl":{"start":{"line":46,"column":17},"end":{"line":46,"column":18}},"loc":{"start":{"line":46,"column":37},"end":{"line":74,"column":1}},"line":46},"5":{"name":"(anonymous_5)","decl":{"start":{"line":77,"column":20},"end":{"line":77,"column":21}},"loc":{"start":{"line":77,"column":40},"end":{"line":110,"column":1}},"line":77},"6":{"name":"(anonymous_6)","decl":{"start":{"line":115,"column":20},"end":{"line":115,"column":21}},"loc":{"start":{"line":115,"column":40},"end":{"line":134,"column":1}},"line":115}},"branchMap":{"0":{"loc":{"start":{"line":13,"column":2},"end":{"line":20,"column":3}},"type":"if","locations":[{"start":{"line":13,"column":2},"end":{"line":20,"column":3}},{"start":{"line":15,"column":9},"end":{"line":20,"column":3}}],"line":13},"1":{"loc":{"start":{"line":14,"column":25},"end":{"line":14,"column":106}},"type":"binary-expr","locations":[{"start":{"line":14,"column":25},"end":{"line":14,"column":39}},{"start":{"line":14,"column":43},"end":{"line":14,"column":106}}],"line":14},"2":{"loc":{"start":{"line":27,"column":2},"end":{"line":41,"column":3}},"type":"if","locations":[{"start":{"line":27,"column":2},"end":{"line":41,"column":3}},{"start":{"line":29,"column":9},"end":{"line":41,"column":3}}],"line":27},"3":{"loc":{"start":{"line":58,"column":2},"end":{"line":73,"column":3}},"type":"if","locations":[{"start":{"line":58,"column":2},"end":{"line":73,"column":3}},{"start":{"line":70,"column":9},"end":{"line":73,"column":3}}],"line":58},"4":{"loc":{"start":{"line":62,"column":4},"end":{"line":69,"column":5}},"type":"if","locations":[{"start":{"line":62,"column":4},"end":{"line":69,"column":5}},{"start":{"line":67,"column":9},"end":{"line":69,"column":5}}],"line":62},"5":{"loc":{"start":{"line":68,"column":27},"end":{"line":68,"column":108}},"type":"binary-expr","locations":[{"start":{"line":68,"column":27},"end":{"line":68,"column":41}},{"start":{"line":68,"column":45},"end":{"line":68,"column":108}}],"line":68},"6":{"loc":{"start":{"line":91,"column":2},"end":{"line":109,"column":3}},"type":"if","locations":[{"start":{"line":91,"column":2},"end":{"line":109,"column":3}},{"start":{"line":106,"column":9},"end":{"line":109,"column":3}}],"line":91},"7":{"loc":{"start":{"line":97,"column":4},"end":{"line":105,"column":5}},"type":"if","locations":[{"start":{"line":97,"column":4},"end":{"line":105,"column":5}},{"start":{"line":102,"column":9},"end":{"line":105,"column":5}}],"line":97},"8":{"loc":{"start":{"line":103,"column":27},"end":{"line":103,"column":109}},"type":"binary-expr","locations":[{"start":{"line":103,"column":27},"end":{"line":103,"column":41}},{"start":{"line":103,"column":45},"end":{"line":103,"column":109}}],"line":103},"9":{"loc":{"start":{"line":117,"column":2},"end":{"line":133,"column":3}},"type":"if","locations":[{"start":{"line":117,"column":2},"end":{"line":133,"column":3}},{"start":{"line":119,"column":9},"end":{"line":133,"column":3}}],"line":117},"10":{"loc":{"start":{"line":125,"column":4},"end":{"line":132,"column":5}},"type":"if","locations":[{"start":{"line":125,"column":4},"end":{"line":132,"column":5}},{"start":{"line":130,"column":9},"end":{"line":132,"column":5}}],"line":125},"11":{"loc":{"start":{"line":131,"column":27},"end":{"line":131,"column":109}},"type":"binary-expr","locations":[{"start":{"line":131,"column":27},"end":{"line":131,"column":41}},{"start":{"line":131,"column":45},"end":{"line":131,"column":109}}],"line":131}},"s":{"0":1,"1":1,"2":1,"3":0,"4":0,"5":0,"6":0,"7":0,"8":0,"9":1,"10":0,"11":0,"12":0,"13":0,"14":0,"15":0,"16":0,"17":1,"18":0,"19":0,"20":0,"21":0,"22":0,"23":0,"24":0,"25":0,"26":0,"27":1,"28":0,"29":0,"30":0,"31":0,"32":0,"33":0,"34":0,"35":0,"36":0,"37":0,"38":0,"39":1,"40":0,"41":0,"42":0,"43":0,"44":0,"45":0,"46":0,"47":0,"48":1},"f":{"0":0,"1":0,"2":0,"3":0,"4":0,"5":0,"6":0},"b":{"0":[0,0],"1":[0,0],"2":[0,0],"3":[0,0],"4":[0,0],"5":[0,0],"6":[0,0],"7":[0,0],"8":[0,0],"9":[0,0],"10":[0,0],"11":[0,0]},"_coverageSchema":"1a1c01bbd47fc00a2c39e90264f33305004495a9","hash":"3b9c3000f99de2a231b3906d0f2d5421a1278f12"}
,"/Users/aaroncalahorra/Documents/BYUI/CSE341-FinalProject/controllers/buyers.js": {"path":"/Users/aaroncalahorra/Documents/BYUI/CSE341-FinalProject/controllers/buyers.js","statementMap":{"0":{"start":{"line":1,"column":16},"end":{"line":1,"column":46}},"1":{"start":{"line":2,"column":17},"end":{"line":2,"column":44}},"2":{"start":{"line":5,"column":21},"end":{"line":15,"column":1}},"3":{"start":{"line":6,"column":2},"end":{"line":14,"column":3}},"4":{"start":{"line":7,"column":19},"end":{"line":7,"column":73}},"5":{"start":{"line":8,"column":4},"end":{"line":11,"column":7}},"6":{"start":{"line":9,"column":6},"end":{"line":9,"column":56}},"7":{"start":{"line":10,"column":6},"end":{"line":10,"column":34}},"8":{"start":{"line":13,"column":4},"end":{"line":13,"column":51}},"9":{"start":{"line":17,"column":23},"end":{"line":35,"column":1}},"10":{"start":{"line":18,"column":4},"end":{"line":34,"column":5}},"11":{"start":{"line":19,"column":6},"end":{"line":31,"column":9}},"12":{"start":{"line":20,"column":8},"end":{"line":20,"column":75}},"13":{"start":{"line":22,"column":21},"end":{"line":22,"column":48}},"14":{"start":{"line":23,"column":21},"end":{"line":27,"column":30}},"15":{"start":{"line":28,"column":6},"end":{"line":31,"column":8}},"16":{"start":{"line":29,"column":8},"end":{"line":29,"column":58}},"17":{"start":{"line":30,"column":8},"end":{"line":30,"column":39}},"18":{"start":{"line":33,"column":6},"end":{"line":33,"column":53}},"19":{"start":{"line":37,"column":20},"end":{"line":56,"column":1}},"20":{"start":{"line":38,"column":2},"end":{"line":55,"column":3}},"21":{"start":{"line":39,"column":18},"end":{"line":46,"column":5}},"22":{"start":{"line":47,"column":21},"end":{"line":47,"column":85}},"23":{"start":{"line":48,"column":4},"end":{"line":52,"column":5}},"24":{"start":{"line":49,"column":6},"end":{"line":49,"column":37}},"25":{"start":{"line":51,"column":6},"end":{"line":51,"column":94}},"26":{"start":{"line":54,"column":4},"end":{"line":54,"column":51}},"27":{"start":{"line":58,"column":20},"end":{"line":86,"column":1}},"28":{"start":{"line":59,"column":2},"end":{"line":85,"column":3}},"29":{"start":{"line":60,"column":4},"end":{"line":82,"column":6}},"30":{"start":{"line":61,"column":6},"end":{"line":61,"column":73}},"31":{"start":{"line":63,"column":19},"end":{"line":63,"column":46}},"32":{"start":{"line":64,"column":18},"end":{"line":71,"column":5}},"33":{"start":{"line":72,"column":21},"end":{"line":76,"column":41}},"34":{"start":{"line":77,"column":4},"end":{"line":77,"column":26}},"35":{"start":{"line":78,"column":4},"end":{"line":82,"column":5}},"36":{"start":{"line":79,"column":6},"end":{"line":79,"column":29}},"37":{"start":{"line":81,"column":6},"end":{"line":81,"column":94}},"38":{"start":{"line":84,"column":4},"end":{"line":84,"column":51}},"39":{"start":{"line":88,"column":20},"end":{"line":104,"column":1}},"40":{"start":{"line":89,"column":2},"end":{"line":103,"column":3}},"41":{"start":{"line":90,"column":4},"end":{"line":100,"column":6}},"42":{"start":{"line":91,"column":6},"end":{"line":91,"column":73}},"43":{"start":{"line":93,"column":19},"end":{"line":93,"column":46}},"44":{"start":{"line":94,"column":21},"end":{"line":94,"column":98}},"45":{"start":{"line":95,"column":4},"end":{"line":95,"column":26}},"46":{"start":{"line":96,"column":4},"end":{"line":100,"column":5}},"47":{"start":{"line":97,"column":6},"end":{"line":97,"column":29}},"48":{"start":{"line":99,"column":6},"end":{"line":99,"column":94}},"49":{"start":{"line":102,"column":4},"end":{"line":102,"column":51}},"50":{"start":{"line":106,"column":0},"end":{"line":112,"column":2}}},"fnMap":{"0":{"name":"(anonymous_0)","decl":{"start":{"line":5,"column":21},"end":{"line":5,"column":22}},"loc":{"start":{"line":5,"column":47},"end":{"line":15,"column":1}},"line":5},"1":{"name":"(anonymous_1)","decl":{"start":{"line":8,"column":26},"end":{"line":8,"column":27}},"loc":{"start":{"line":8,"column":37},"end":{"line":11,"column":5}},"line":8},"2":{"name":"(anonymous_2)","decl":{"start":{"line":17,"column":23},"end":{"line":17,"column":24}},"loc":{"start":{"line":17,"column":43},"end":{"line":35,"column":1}},"line":17},"3":{"name":"(anonymous_3)","decl":{"start":{"line":28,"column":28},"end":{"line":28,"column":29}},"loc":{"start":{"line":28,"column":39},"end":{"line":31,"column":7}},"line":28},"4":{"name":"(anonymous_4)","decl":{"start":{"line":37,"column":20},"end":{"line":37,"column":21}},"loc":{"start":{"line":37,"column":40},"end":{"line":56,"column":1}},"line":37},"5":{"name":"(anonymous_5)","decl":{"start":{"line":58,"column":20},"end":{"line":58,"column":21}},"loc":{"start":{"line":58,"column":40},"end":{"line":86,"column":1}},"line":58},"6":{"name":"(anonymous_6)","decl":{"start":{"line":88,"column":20},"end":{"line":88,"column":21}},"loc":{"start":{"line":88,"column":40},"end":{"line":104,"column":1}},"line":88}},"branchMap":{"0":{"loc":{"start":{"line":19,"column":6},"end":{"line":31,"column":9}},"type":"if","locations":[{"start":{"line":19,"column":6},"end":{"line":31,"column":9}},{"start":{"line":21,"column":13},"end":{"line":31,"column":9}}],"line":19},"1":{"loc":{"start":{"line":48,"column":4},"end":{"line":52,"column":5}},"type":"if","locations":[{"start":{"line":48,"column":4},"end":{"line":52,"column":5}},{"start":{"line":50,"column":11},"end":{"line":52,"column":5}}],"line":48},"2":{"loc":{"start":{"line":51,"column":27},"end":{"line":51,"column":92}},"type":"binary-expr","locations":[{"start":{"line":51,"column":27},"end":{"line":51,"column":41}},{"start":{"line":51,"column":45},"end":{"line":51,"column":92}}],"line":51},"3":{"loc":{"start":{"line":60,"column":4},"end":{"line":82,"column":6}},"type":"if","locations":[{"start":{"line":60,"column":4},"end":{"line":82,"column":6}},{"start":{"line":62,"column":11},"end":{"line":82,"column":6}}],"line":60},"4":{"loc":{"start":{"line":78,"column":4},"end":{"line":82,"column":5}},"type":"if","locations":[{"start":{"line":78,"column":4},"end":{"line":82,"column":5}},{"start":{"line":80,"column":11},"end":{"line":82,"column":5}}],"line":78},"5":{"loc":{"start":{"line":81,"column":27},"end":{"line":81,"column":92}},"type":"binary-expr","locations":[{"start":{"line":81,"column":27},"end":{"line":81,"column":41}},{"start":{"line":81,"column":45},"end":{"line":81,"column":92}}],"line":81},"6":{"loc":{"start":{"line":90,"column":4},"end":{"line":100,"column":6}},"type":"if","locations":[{"start":{"line":90,"column":4},"end":{"line":100,"column":6}},{"start":{"line":92,"column":11},"end":{"line":100,"column":6}}],"line":90},"7":{"loc":{"start":{"line":96,"column":4},"end":{"line":100,"column":5}},"type":"if","locations":[{"start":{"line":96,"column":4},"end":{"line":100,"column":5}},{"start":{"line":98,"column":11},"end":{"line":100,"column":5}}],"line":96},"8":{"loc":{"start":{"line":99,"column":27},"end":{"line":99,"column":92}},"type":"binary-expr","locations":[{"start":{"line":99,"column":27},"end":{"line":99,"column":41}},{"start":{"line":99,"column":45},"end":{"line":99,"column":92}}],"line":99}},"s":{"0":1,"1":1,"2":1,"3":0,"4":0,"5":0,"6":0,"7":0,"8":0,"9":1,"10":0,"11":0,"12":0,"13":0,"14":0,"15":0,"16":0,"17":0,"18":0,"19":1,"20":0,"21":0,"22":0,"23":0,"24":0,"25":0,"26":0,"27":1,"28":0,"29":0,"30":0,"31":0,"32":0,"33":0,"34":0,"35":0,"36":0,"37":0,"38":0,"39":1,"40":0,"41":0,"42":0,"43":0,"44":0,"45":0,"46":0,"47":0,"48":0,"49":0,"50":1},"f":{"0":0,"1":0,"2":0,"3":0,"4":0,"5":0,"6":0},"b":{"0":[0,0],"1":[0,0],"2":[0,0],"3":[0,0],"4":[0,0],"5":[0,0],"6":[0,0],"7":[0,0],"8":[0,0]},"_coverageSchema":"1a1c01bbd47fc00a2c39e90264f33305004495a9","hash":"c6ffe6f33d3b467704d36fc5410604f14412ea01"}
,"/Users/aaroncalahorra/Documents/BYUI/CSE341-FinalProject/controllers/closed_deals.js": {"path":"/Users/aaroncalahorra/Documents/BYUI/CSE341-FinalProject/controllers/closed_deals.js","statementMap":{"0":{"start":{"line":2,"column":16},"end":{"line":2,"column":46}},"1":{"start":{"line":4,"column":17},"end":{"line":4,"column":44}},"2":{"start":{"line":7,"column":24},"end":{"line":19,"column":1}},"3":{"start":{"line":9,"column":17},"end":{"line":9,"column":84}},"4":{"start":{"line":11,"column":2},"end":{"line":18,"column":3}},"5":{"start":{"line":12,"column":4},"end":{"line":12,"column":114}},"6":{"start":{"line":14,"column":4},"end":{"line":17,"column":7}},"7":{"start":{"line":15,"column":6},"end":{"line":15,"column":56}},"8":{"start":{"line":16,"column":6},"end":{"line":16,"column":34}},"9":{"start":{"line":23,"column":23},"end":{"line":38,"column":1}},"10":{"start":{"line":25,"column":2},"end":{"line":37,"column":3}},"11":{"start":{"line":26,"column":4},"end":{"line":26,"column":71}},"12":{"start":{"line":28,"column":17},"end":{"line":28,"column":44}},"13":{"start":{"line":29,"column":19},"end":{"line":31,"column":6}},"14":{"start":{"line":33,"column":4},"end":{"line":36,"column":7}},"15":{"start":{"line":34,"column":6},"end":{"line":34,"column":56}},"16":{"start":{"line":35,"column":6},"end":{"line":35,"column":37}},"17":{"start":{"line":42,"column":23},"end":{"line":69,"column":3}},"18":{"start":{"line":43,"column":22},"end":{"line":49,"column":3}},"19":{"start":{"line":50,"column":2},"end":{"line":57,"column":3}},"20":{"start":{"line":51,"column":21},"end":{"line":51,"column":104}},"21":{"start":{"line":52,"column":4},"end":{"line":56,"column":5}},"22":{"start":{"line":53,"column":6},"end":{"line":53,"column":44}},"23":{"start":{"line":55,"column":6},"end":{"line":55,"column":116}},"24":{"start":{"line":59,"column":21},"end":{"line":59,"column":104}},"25":{"start":{"line":61,"column":4},"end":{"line":68,"column":5}},"26":{"start":{"line":62,"column":6},"end":{"line":62,"column":37}},"27":{"start":{"line":63,"column":6},"end":{"line":63,"column":83}},"28":{"start":{"line":67,"column":6},"end":{"line":67,"column":116}},"29":{"start":{"line":74,"column":26},"end":{"line":104,"column":1}},"30":{"start":{"line":76,"column":17},"end":{"line":76,"column":44}},"31":{"start":{"line":78,"column":22},"end":{"line":84,"column":3}},"32":{"start":{"line":85,"column":2},"end":{"line":103,"column":3}},"33":{"start":{"line":87,"column":21},"end":{"line":89,"column":19}},"34":{"start":{"line":91,"column":4},"end":{"line":99,"column":5}},"35":{"start":{"line":92,"column":6},"end":{"line":92,"column":29}},"36":{"start":{"line":93,"column":6},"end":{"line":93,"column":77}},"37":{"start":{"line":97,"column":6},"end":{"line":97,"column":115}},"38":{"start":{"line":98,"column":6},"end":{"line":98,"column":28}},"39":{"start":{"line":101,"column":4},"end":{"line":101,"column":76}},"40":{"start":{"line":102,"column":4},"end":{"line":102,"column":29}},"41":{"start":{"line":109,"column":26},"end":{"line":127,"column":1}},"42":{"start":{"line":110,"column":2},"end":{"line":126,"column":3}},"43":{"start":{"line":111,"column":4},"end":{"line":111,"column":77}},"44":{"start":{"line":114,"column":19},"end":{"line":114,"column":46}},"45":{"start":{"line":116,"column":21},"end":{"line":116,"column":112}},"46":{"start":{"line":118,"column":4},"end":{"line":125,"column":5}},"47":{"start":{"line":119,"column":6},"end":{"line":119,"column":29}},"48":{"start":{"line":120,"column":6},"end":{"line":120,"column":77}},"49":{"start":{"line":124,"column":6},"end":{"line":124,"column":115}},"50":{"start":{"line":130,"column":0},"end":{"line":136,"column":2}}},"fnMap":{"0":{"name":"(anonymous_0)","decl":{"start":{"line":7,"column":24},"end":{"line":7,"column":25}},"loc":{"start":{"line":7,"column":44},"end":{"line":19,"column":1}},"line":7},"1":{"name":"(anonymous_1)","decl":{"start":{"line":14,"column":26},"end":{"line":14,"column":27}},"loc":{"start":{"line":14,"column":37},"end":{"line":17,"column":5}},"line":14},"2":{"name":"(anonymous_2)","decl":{"start":{"line":23,"column":23},"end":{"line":23,"column":24}},"loc":{"start":{"line":23,"column":43},"end":{"line":38,"column":1}},"line":23},"3":{"name":"(anonymous_3)","decl":{"start":{"line":33,"column":26},"end":{"line":33,"column":27}},"loc":{"start":{"line":33,"column":37},"end":{"line":36,"column":5}},"line":33},"4":{"name":"(anonymous_4)","decl":{"start":{"line":42,"column":23},"end":{"line":42,"column":24}},"loc":{"start":{"line":42,"column":43},"end":{"line":69,"column":3}},"line":42},"5":{"name":"(anonymous_5)","decl":{"start":{"line":74,"column":26},"end":{"line":74,"column":27}},"loc":{"start":{"line":74,"column":46},"end":{"line":104,"column":1}},"line":74},"6":{"name":"(anonymous_6)","decl":{"start":{"line":109,"column":26},"end":{"line":109,"column":27}},"loc":{"start":{"line":109,"column":46},"end":{"line":127,"column":1}},"line":109}},"branchMap":{"0":{"loc":{"start":{"line":11,"column":2},"end":{"line":18,"column":3}},"type":"if","locations":[{"start":{"line":11,"column":2},"end":{"line":18,"column":3}},{"start":{"line":13,"column":9},"end":{"line":18,"column":3}}],"line":11},"1":{"loc":{"start":{"line":12,"column":25},"end":{"line":12,"column":112}},"type":"binary-expr","locations":[{"start":{"line":12,"column":25},"end":{"line":12,"column":39}},{"start":{"line":12,"column":43},"end":{"line":12,"column":112}}],"line":12},"2":{"loc":{"start":{"line":25,"column":2},"end":{"line":37,"column":3}},"type":"if","locations":[{"start":{"line":25,"column":2},"end":{"line":37,"column":3}},{"start":{"line":27,"column":9},"end":{"line":37,"column":3}}],"line":25},"3":{"loc":{"start":{"line":50,"column":2},"end":{"line":57,"column":3}},"type":"if","locations":[{"start":{"line":50,"column":2},"end":{"line":57,"column":3}},{"start":{},"end":{}}],"line":50},"4":{"loc":{"start":{"line":52,"column":4},"end":{"line":56,"column":5}},"type":"if","locations":[{"start":{"line":52,"column":4},"end":{"line":56,"column":5}},{"start":{"line":54,"column":11},"end":{"line":56,"column":5}}],"line":52},"5":{"loc":{"start":{"line":55,"column":27},"end":{"line":55,"column":114}},"type":"binary-expr","locations":[{"start":{"line":55,"column":27},"end":{"line":55,"column":41}},{"start":{"line":55,"column":45},"end":{"line":55,"column":114}}],"line":55},"6":{"loc":{"start":{"line":61,"column":4},"end":{"line":68,"column":5}},"type":"if","locations":[{"start":{"line":61,"column":4},"end":{"line":68,"column":5}},{"start":{"line":66,"column":9},"end":{"line":68,"column":5}}],"line":61},"7":{"loc":{"start":{"line":67,"column":27},"end":{"line":67,"column":114}},"type":"binary-expr","locations":[{"start":{"line":67,"column":27},"end":{"line":67,"column":41}},{"start":{"line":67,"column":45},"end":{"line":67,"column":114}}],"line":67},"8":{"loc":{"start":{"line":85,"column":2},"end":{"line":103,"column":3}},"type":"if","locations":[{"start":{"line":85,"column":2},"end":{"line":103,"column":3}},{"start":{"line":100,"column":9},"end":{"line":103,"column":3}}],"line":85},"9":{"loc":{"start":{"line":91,"column":4},"end":{"line":99,"column":5}},"type":"if","locations":[{"start":{"line":91,"column":4},"end":{"line":99,"column":5}},{"start":{"line":96,"column":9},"end":{"line":99,"column":5}}],"line":91},"10":{"loc":{"start":{"line":97,"column":27},"end":{"line":97,"column":113}},"type":"binary-expr","locations":[{"start":{"line":97,"column":27},"end":{"line":97,"column":41}},{"start":{"line":97,"column":45},"end":{"line":97,"column":113}}],"line":97},"11":{"loc":{"start":{"line":110,"column":2},"end":{"line":126,"column":3}},"type":"if","locations":[{"start":{"line":110,"column":2},"end":{"line":126,"column":3}},{"start":{"line":112,"column":9},"end":{"line":126,"column":3}}],"line":110},"12":{"loc":{"start":{"line":118,"column":4},"end":{"line":125,"column":5}},"type":"if","locations":[{"start":{"line":118,"column":4},"end":{"line":125,"column":5}},{"start":{"line":123,"column":9},"end":{"line":125,"column":5}}],"line":118},"13":{"loc":{"start":{"line":124,"column":27},"end":{"line":124,"column":113}},"type":"binary-expr","locations":[{"start":{"line":124,"column":27},"end":{"line":124,"column":41}},{"start":{"line":124,"column":45},"end":{"line":124,"column":113}}],"line":124}},"s":{"0":1,"1":1,"2":1,"3":0,"4":0,"5":0,"6":0,"7":0,"8":0,"9":1,"10":0,"11":0,"12":0,"13":0,"14":0,"15":0,"16":0,"17":1,"18":0,"19":0,"20":0,"21":0,"22":0,"23":0,"24":0,"25":0,"26":0,"27":0,"28":0,"29":1,"30":0,"31":0,"32":0,"33":0,"34":0,"35":0,"36":0,"37":0,"38":0,"39":0,"40":0,"41":1,"42":0,"43":0,"44":0,"45":0,"46":0,"47":0,"48":0,"49":0,"50":1},"f":{"0":0,"1":0,"2":0,"3":0,"4":0,"5":0,"6":0},"b":{"0":[0,0],"1":[0,0],"2":[0,0],"3":[0,0],"4":[0,0],"5":[0,0],"6":[0,0],"7":[0,0],"8":[0,0],"9":[0,0],"10":[0,0],"11":[0,0],"12":[0,0],"13":[0,0]},"_coverageSchema":"1a1c01bbd47fc00a2c39e90264f33305004495a9","hash":"c3f0d5d12ebb15ded70f6e89ad405957af7c37c0"}
,"/Users/aaroncalahorra/Documents/BYUI/CSE341-FinalProject/controllers/homes.js": {"path":"/Users/aaroncalahorra/Documents/BYUI/CSE341-FinalProject/controllers/homes.js","statementMap":{"0":{"start":{"line":2,"column":16},"end":{"line":2,"column":46}},"1":{"start":{"line":4,"column":17},"end":{"line":4,"column":44}},"2":{"start":{"line":7,"column":17},"end":{"line":21,"column":1}},"3":{"start":{"line":10,"column":17},"end":{"line":10,"column":77}},"4":{"start":{"line":13,"column":2},"end":{"line":20,"column":3}},"5":{"start":{"line":14,"column":4},"end":{"line":14,"column":107}},"6":{"start":{"line":16,"column":4},"end":{"line":19,"column":7}},"7":{"start":{"line":17,"column":6},"end":{"line":17,"column":56}},"8":{"start":{"line":18,"column":6},"end":{"line":18,"column":34}},"9":{"start":{"line":25,"column":16},"end":{"line":42,"column":1}},"10":{"start":{"line":27,"column":2},"end":{"line":41,"column":3}},"11":{"start":{"line":28,"column":4},"end":{"line":28,"column":65}},"12":{"start":{"line":31,"column":17},"end":{"line":31,"column":44}},"13":{"start":{"line":33,"column":19},"end":{"line":35,"column":6}},"14":{"start":{"line":37,"column":4},"end":{"line":40,"column":7}},"15":{"start":{"line":38,"column":6},"end":{"line":38,"column":56}},"16":{"start":{"line":39,"column":6},"end":{"line":39,"column":37}},"17":{"start":{"line":46,"column":16},"end":{"line":72,"column":1}},"18":{"start":{"line":49,"column":15},"end":{"line":55,"column":3}},"19":{"start":{"line":56,"column":2},"end":{"line":71,"column":3}},"20":{"start":{"line":58,"column":21},"end":{"line":58,"column":90}},"21":{"start":{"line":60,"column":4},"end":{"line":67,"column":5}},"22":{"start":{"line":61,"column":6},"end":{"line":61,"column":37}},"23":{"start":{"line":62,"column":6},"end":{"line":62,"column":76}},"24":{"start":{"line":66,"column":6},"end":{"line":66,"column":110}},"25":{"start":{"line":69,"column":4},"end":{"line":69,"column":76}},"26":{"start":{"line":70,"column":4},"end":{"line":70,"column":22}},"27":{"start":{"line":75,"column":19},"end":{"line":106,"column":1}},"28":{"start":{"line":78,"column":17},"end":{"line":78,"column":44}},"29":{"start":{"line":80,"column":15},"end":{"line":86,"column":3}},"30":{"start":{"line":87,"column":2},"end":{"line":105,"column":3}},"31":{"start":{"line":89,"column":21},"end":{"line":91,"column":12}},"32":{"start":{"line":93,"column":4},"end":{"line":101,"column":5}},"33":{"start":{"line":94,"column":6},"end":{"line":94,"column":29}},"34":{"start":{"line":95,"column":6},"end":{"line":95,"column":77}},"35":{"start":{"line":99,"column":6},"end":{"line":99,"column":110}},"36":{"start":{"line":100,"column":6},"end":{"line":100,"column":28}},"37":{"start":{"line":103,"column":4},"end":{"line":103,"column":76}},"38":{"start":{"line":104,"column":4},"end":{"line":104,"column":22}},"39":{"start":{"line":111,"column":19},"end":{"line":130,"column":1}},"40":{"start":{"line":113,"column":2},"end":{"line":129,"column":3}},"41":{"start":{"line":114,"column":4},"end":{"line":114,"column":70}},"42":{"start":{"line":117,"column":19},"end":{"line":117,"column":46}},"43":{"start":{"line":119,"column":21},"end":{"line":119,"column":105}},"44":{"start":{"line":121,"column":4},"end":{"line":128,"column":5}},"45":{"start":{"line":122,"column":6},"end":{"line":122,"column":29}},"46":{"start":{"line":123,"column":6},"end":{"line":123,"column":72}},"47":{"start":{"line":127,"column":6},"end":{"line":127,"column":110}},"48":{"start":{"line":133,"column":0},"end":{"line":139,"column":2}}},"fnMap":{"0":{"name":"(anonymous_0)","decl":{"start":{"line":7,"column":17},"end":{"line":7,"column":18}},"loc":{"start":{"line":7,"column":37},"end":{"line":21,"column":1}},"line":7},"1":{"name":"(anonymous_1)","decl":{"start":{"line":16,"column":26},"end":{"line":16,"column":27}},"loc":{"start":{"line":16,"column":37},"end":{"line":19,"column":5}},"line":16},"2":{"name":"(anonymous_2)","decl":{"start":{"line":25,"column":16},"end":{"line":25,"column":17}},"loc":{"start":{"line":25,"column":36},"end":{"line":42,"column":1}},"line":25},"3":{"name":"(anonymous_3)","decl":{"start":{"line":37,"column":26},"end":{"line":37,"column":27}},"loc":{"start":{"line":37,"column":37},"end":{"line":40,"column":5}},"line":37},"4":{"name":"(anonymous_4)","decl":{"start":{"line":46,"column":16},"end":{"line":46,"column":17}},"loc":{"start":{"line":46,"column":36},"end":{"line":72,"column":1}},"line":46},"5":{"name":"(anonymous_5)","decl":{"start":{"line":75,"column":19},"end":{"line":75,"column":20}},"loc":{"start":{"line":75,"column":39},"end":{"line":106,"column":1}},"line":75},"6":{"name":"(anonymous_6)","decl":{"start":{"line":111,"column":19},"end":{"line":111,"column":20}},"loc":{"start":{"line":111,"column":39},"end":{"line":130,"column":1}},"line":111}},"branchMap":{"0":{"loc":{"start":{"line":13,"column":2},"end":{"line":20,"column":3}},"type":"if","locations":[{"start":{"line":13,"column":2},"end":{"line":20,"column":3}},{"start":{"line":15,"column":9},"end":{"line":20,"column":3}}],"line":13},"1":{"loc":{"start":{"line":14,"column":25},"end":{"line":14,"column":105}},"type":"binary-expr","locations":[{"start":{"line":14,"column":25},"end":{"line":14,"column":39}},{"start":{"line":14,"column":43},"end":{"line":14,"column":105}}],"line":14},"2":{"loc":{"start":{"line":27,"column":2},"end":{"line":41,"column":3}},"type":"if","locations":[{"start":{"line":27,"column":2},"end":{"line":41,"column":3}},{"start":{"line":29,"column":9},"end":{"line":41,"column":3}}],"line":27},"3":{"loc":{"start":{"line":56,"column":2},"end":{"line":71,"column":3}},"type":"if","locations":[{"start":{"line":56,"column":2},"end":{"line":71,"column":3}},{"start":{"line":68,"column":9},"end":{"line":71,"column":3}}],"line":56},"4":{"loc":{"start":{"line":60,"column":4},"end":{"line":67,"column":5}},"type":"if","locations":[{"start":{"line":60,"column":4},"end":{"line":67,"column":5}},{"start":{"line":65,"column":9},"end":{"line":67,"column":5}}],"line":60},"5":{"loc":{"start":{"line":66,"column":27},"end":{"line":66,"column":108}},"type":"binary-expr","locations":[{"start":{"line":66,"column":27},"end":{"line":66,"column":41}},{"start":{"line":66,"column":45},"end":{"line":66,"column":108}}],"line":66},"6":{"loc":{"start":{"line":87,"column":2},"end":{"line":105,"column":3}},"type":"if","locations":[{"start":{"line":87,"column":2},"end":{"line":105,"column":3}},{"start":{"line":102,"column":9},"end":{"line":105,"column":3}}],"line":87},"7":{"loc":{"start":{"line":93,"column":4},"end":{"line":101,"column":5}},"type":"if","locations":[{"start":{"line":93,"column":4},"end":{"line":101,"column":5}},{"start":{"line":98,"column":9},"end":{"line":101,"column":5}}],"line":93},"8":{"loc":{"start":{"line":99,"column":27},"end":{"line":99,"column":108}},"type":"binary-expr","locations":[{"start":{"line":99,"column":27},"end":{"line":99,"column":41}},{"start":{"line":99,"column":45},"end":{"line":99,"column":108}}],"line":99},"9":{"loc":{"start":{"line":113,"column":2},"end":{"line":129,"column":3}},"type":"if","locations":[{"start":{"line":113,"column":2},"end":{"line":129,"column":3}},{"start":{"line":115,"column":9},"end":{"line":129,"column":3}}],"line":113},"10":{"loc":{"start":{"line":121,"column":4},"end":{"line":128,"column":5}},"type":"if","locations":[{"start":{"line":121,"column":4},"end":{"line":128,"column":5}},{"start":{"line":126,"column":9},"end":{"line":128,"column":5}}],"line":121},"11":{"loc":{"start":{"line":127,"column":27},"end":{"line":127,"column":108}},"type":"binary-expr","locations":[{"start":{"line":127,"column":27},"end":{"line":127,"column":41}},{"start":{"line":127,"column":45},"end":{"line":127,"column":108}}],"line":127}},"s":{"0":1,"1":1,"2":1,"3":0,"4":0,"5":0,"6":0,"7":0,"8":0,"9":1,"10":0,"11":0,"12":0,"13":0,"14":0,"15":0,"16":0,"17":1,"18":0,"19":0,"20":0,"21":0,"22":0,"23":0,"24":0,"25":0,"26":0,"27":1,"28":0,"29":0,"30":0,"31":0,"32":0,"33":0,"34":0,"35":0,"36":0,"37":0,"38":0,"39":1,"40":0,"41":0,"42":0,"43":0,"44":0,"45":0,"46":0,"47":0,"48":1},"f":{"0":0,"1":0,"2":0,"3":0,"4":0,"5":0,"6":0},"b":{"0":[0,0],"1":[0,0],"2":[0,0],"3":[0,0],"4":[0,0],"5":[0,0],"6":[0,0],"7":[0,0],"8":[0,0],"9":[0,0],"10":[0,0],"11":[0,0]},"_coverageSchema":"1a1c01bbd47fc00a2c39e90264f33305004495a9","hash":"a7231e75bfe0b03d6f89e27bb608d19499305768"}
,"/Users/aaroncalahorra/Documents/BYUI/CSE341-FinalProject/database/mongodb.js": {"path":"/Users/aaroncalahorra/Documents/BYUI/CSE341-FinalProject/database/mongodb.js","statementMap":{"0":{"start":{"line":5,"column":4},"end":{"line":5,"column":22}},"1":{"start":{"line":7,"column":15},"end":{"line":7,"column":32}},"2":{"start":{"line":8,"column":0},"end":{"line":8,"column":16}},"3":{"start":{"line":14,"column":15},"end":{"line":34,"column":1}},"4":{"start":{"line":16,"column":2},"end":{"line":19,"column":3}},"5":{"start":{"line":17,"column":4},"end":{"line":17,"column":58}},"6":{"start":{"line":18,"column":4},"end":{"line":18,"column":31}},"7":{"start":{"line":21,"column":2},"end":{"line":33,"column":7}},"8":{"start":{"line":25,"column":6},"end":{"line":25,"column":19}},"9":{"start":{"line":27,"column":6},"end":{"line":27,"column":26}},"10":{"start":{"line":28,"column":6},"end":{"line":28,"column":56}},"11":{"start":{"line":32,"column":6},"end":{"line":32,"column":20}},"12":{"start":{"line":37,"column":14},"end":{"line":42,"column":1}},"13":{"start":{"line":38,"column":2},"end":{"line":40,"column":3}},"14":{"start":{"line":39,"column":4},"end":{"line":39,"column":91}},"15":{"start":{"line":41,"column":2},"end":{"line":41,"column":13}},"16":{"start":{"line":45,"column":0},"end":{"line":48,"column":2}}},"fnMap":{"0":{"name":"(anonymous_0)","decl":{"start":{"line":14,"column":15},"end":{"line":14,"column":16}},"loc":{"start":{"line":14,"column":29},"end":{"line":34,"column":1}},"line":14},"1":{"name":"(anonymous_1)","decl":{"start":{"line":23,"column":10},"end":{"line":23,"column":11}},"loc":{"start":{"line":23,"column":22},"end":{"line":29,"column":5}},"line":23},"2":{"name":"(anonymous_2)","decl":{"start":{"line":31,"column":11},"end":{"line":31,"column":12}},"loc":{"start":{"line":31,"column":20},"end":{"line":33,"column":5}},"line":31},"3":{"name":"(anonymous_3)","decl":{"start":{"line":37,"column":14},"end":{"line":37,"column":15}},"loc":{"start":{"line":37,"column":20},"end":{"line":42,"column":1}},"line":37}},"branchMap":{"0":{"loc":{"start":{"line":16,"column":2},"end":{"line":19,"column":3}},"type":"if","locations":[{"start":{"line":16,"column":2},"end":{"line":19,"column":3}},{"start":{},"end":{}}],"line":16},"1":{"loc":{"start":{"line":38,"column":2},"end":{"line":40,"column":3}},"type":"if","locations":[{"start":{"line":38,"column":2},"end":{"line":40,"column":3}},{"start":{},"end":{}}],"line":38}},"s":{"0":1,"1":1,"2":1,"3":1,"4":1,"5":0,"6":0,"7":1,"8":0,"9":0,"10":0,"11":0,"12":1,"13":0,"14":0,"15":0,"16":1},"f":{"0":1,"1":0,"2":0,"3":0},"b":{"0":[0,1],"1":[0,0]},"_coverageSchema":"1a1c01bbd47fc00a2c39e90264f33305004495a9","hash":"60fa32b737416498325b76b6c653602ea1161cb3"}
,"/Users/aaroncalahorra/Documents/BYUI/CSE341-FinalProject/routes/agents.js": {"path":"/Users/aaroncalahorra/Documents/BYUI/CSE341-FinalProject/routes/agents.js","statementMap":{"0":{"start":{"line":2,"column":15},"end":{"line":2,"column":43}},"1":{"start":{"line":5,"column":19},"end":{"line":5,"column":51}},"2":{"start":{"line":8,"column":0},"end":{"line":8,"column":38}},"3":{"start":{"line":11,"column":0},"end":{"line":11,"column":40}},"4":{"start":{"line":14,"column":0},"end":{"line":14,"column":38}},"5":{"start":{"line":17,"column":0},"end":{"line":17,"column":43}},"6":{"start":{"line":20,"column":0},"end":{"line":20,"column":46}},"7":{"start":{"line":23,"column":0},"end":{"line":23,"column":24}}},"fnMap":{},"branchMap":{},"s":{"0":1,"1":1,"2":1,"3":1,"4":1,"5":1,"6":1,"7":1},"f":{},"b":{},"_coverageSchema":"1a1c01bbd47fc00a2c39e90264f33305004495a9","hash":"249e3fc273a905a6f5d52f843a345356bbeccc19"}
,"/Users/aaroncalahorra/Documents/BYUI/CSE341-FinalProject/routes/buyers.js": {"path":"/Users/aaroncalahorra/Documents/BYUI/CSE341-FinalProject/routes/buyers.js","statementMap":{"0":{"start":{"line":1,"column":16},"end":{"line":1,"column":34}},"1":{"start":{"line":2,"column":15},"end":{"line":2,"column":31}},"2":{"start":{"line":4,"column":25},"end":{"line":4,"column":57}},"3":{"start":{"line":6,"column":0},"end":{"line":6,"column":47}},"4":{"start":{"line":7,"column":0},"end":{"line":7,"column":52}},"5":{"start":{"line":8,"column":0},"end":{"line":8,"column":47}},"6":{"start":{"line":9,"column":0},"end":{"line":9,"column":49}},"7":{"start":{"line":10,"column":0},"end":{"line":10,"column":52}},"8":{"start":{"line":12,"column":0},"end":{"line":12,"column":24}}},"fnMap":{},"branchMap":{},"s":{"0":1,"1":1,"2":1,"3":1,"4":1,"5":1,"6":1,"7":1,"8":1},"f":{},"b":{},"_coverageSchema":"1a1c01bbd47fc00a2c39e90264f33305004495a9","hash":"d68676d5bc4b4c3ed16a8dadf35f30ab2b3239f3"}
,"/Users/aaroncalahorra/Documents/BYUI/CSE341-FinalProject/routes/closed_deals.js": {"path":"/Users/aaroncalahorra/Documents/BYUI/CSE341-FinalProject/routes/closed_deals.js","statementMap":{"0":{"start":{"line":2,"column":15},"end":{"line":2,"column":43}},"1":{"start":{"line":5,"column":19},"end":{"line":5,"column":57}},"2":{"start":{"line":8,"column":0},"end":{"line":8,"column":44}},"3":{"start":{"line":11,"column":0},"end":{"line":11,"column":46}},"4":{"start":{"line":13,"column":0},"end":{"line":13,"column":44}},"5":{"start":{"line":15,"column":0},"end":{"line":15,"column":49}},"6":{"start":{"line":17,"column":0},"end":{"line":17,"column":52}},"7":{"start":{"line":20,"column":0},"end":{"line":20,"column":24}}},"fnMap":{},"branchMap":{},"s":{"0":1,"1":1,"2":1,"3":1,"4":1,"5":1,"6":1,"7":1},"f":{},"b":{},"_coverageSchema":"1a1c01bbd47fc00a2c39e90264f33305004495a9","hash":"6afb76faffeee16fa5fd136bf54f82b4116319cd"}
,"/Users/aaroncalahorra/Documents/BYUI/CSE341-FinalProject/routes/homes.js": {"path":"/Users/aaroncalahorra/Documents/BYUI/CSE341-FinalProject/routes/homes.js","statementMap":{"0":{"start":{"line":2,"column":15},"end":{"line":2,"column":43}},"1":{"start":{"line":5,"column":19},"end":{"line":5,"column":50}},"2":{"start":{"line":8,"column":0},"end":{"line":8,"column":37}},"3":{"start":{"line":11,"column":0},"end":{"line":11,"column":39}},"4":{"start":{"line":14,"column":0},"end":{"line":14,"column":37}},"5":{"start":{"line":17,"column":0},"end":{"line":17,"column":42}},"6":{"start":{"line":20,"column":0},"end":{"line":20,"column":45}},"7":{"start":{"line":23,"column":0},"end":{"line":23,"column":24}}},"fnMap":{},"branchMap":{},"s":{"0":1,"1":1,"2":1,"3":1,"4":1,"5":1,"6":1,"7":1},"f":{},"b":{},"_coverageSchema":"1a1c01bbd47fc00a2c39e90264f33305004495a9","hash":"7550f24239d066f0c8874336eeffba3024d373b2"}
,"/Users/aaroncalahorra/Documents/BYUI/CSE341-FinalProject/routes/index.js": {"path":"/Users/aaroncalahorra/Documents/BYUI/CSE341-FinalProject/routes/index.js","statementMap":{"0":{"start":{"line":1,"column":15},"end":{"line":1,"column":42}},"1":{"start":{"line":2,"column":11},"end":{"line":2,"column":24}},"2":{"start":{"line":4,"column":0},"end":{"line":4,"column":38}},"3":{"start":{"line":6,"column":0},"end":{"line":6,"column":41}},"4":{"start":{"line":7,"column":0},"end":{"line":7,"column":59}},"5":{"start":{"line":8,"column":0},"end":{"line":8,"column":43}},"6":{"start":{"line":9,"column":0},"end":{"line":9,"column":41}},"7":{"start":{"line":10,"column":0},"end":{"line":10,"column":43}},"8":{"start":{"line":11,"column":0},"end":{"line":11,"column":55}},"9":{"start":{"line":12,"column":0},"end":{"line":12,"column":42}},"10":{"start":{"line":15,"column":0},"end":{"line":20,"column":3}},"11":{"start":{"line":16,"column":20},"end":{"line":16,"column":39}},"12":{"start":{"line":17,"column":4},"end":{"line":17,"column":25}},"13":{"start":{"line":18,"column":4},"end":{"line":18,"column":46}},"14":{"start":{"line":19,"column":4},"end":{"line":19,"column":44}},"15":{"start":{"line":24,"column":0},"end":{"line":24,"column":24}}},"fnMap":{"0":{"name":"(anonymous_0)","decl":{"start":{"line":15,"column":15},"end":{"line":15,"column":16}},"loc":{"start":{"line":15,"column":26},"end":{"line":20,"column":1}},"line":15}},"branchMap":{},"s":{"0":1,"1":1,"2":1,"3":1,"4":1,"5":1,"6":1,"7":1,"8":1,"9":1,"10":1,"11":0,"12":0,"13":0,"14":0,"15":1},"f":{"0":0},"b":{},"_coverageSchema":"1a1c01bbd47fc00a2c39e90264f33305004495a9","hash":"a40ce379447b3a55dbb382325a65c95c136e4ec2"}
,"/Users/aaroncalahorra/Documents/BYUI/CSE341-FinalProject/routes/logout.js": {"path":"/Users/aaroncalahorra/Documents/BYUI/CSE341-FinalProject/routes/logout.js","statementMap":{"0":{"start":{"line":1,"column":15},"end":{"line":1,"column":42}},"1":{"start":{"line":2,"column":14},"end":{"line":2,"column":30}},"2":{"start":{"line":4,"column":0},"end":{"line":7,"column":3}},"3":{"start":{"line":5,"column":8},"end":{"line":5,"column":37}},"4":{"start":{"line":6,"column":8},"end":{"line":6,"column":26}},"5":{"start":{"line":9,"column":0},"end":{"line":9,"column":24}}},"fnMap":{"0":{"name":"(anonymous_0)","decl":{"start":{"line":4,"column":16},"end":{"line":4,"column":17}},"loc":{"start":{"line":4,"column":33},"end":{"line":7,"column":1}},"line":4}},"branchMap":{},"s":{"0":1,"1":1,"2":1,"3":0,"4":0,"5":1},"f":{"0":0},"b":{},"_coverageSchema":"1a1c01bbd47fc00a2c39e90264f33305004495a9","hash":"24b33cc9896a3a5d44bb5853140674231a9a56b4"}
,"/Users/aaroncalahorra/Documents/BYUI/CSE341-FinalProject/routes/oauth-callback.js": {"path":"/Users/aaroncalahorra/Documents/BYUI/CSE341-FinalProject/routes/oauth-callback.js","statementMap":{"0":{"start":{"line":1,"column":15},"end":{"line":1,"column":42}},"1":{"start":{"line":2,"column":14},"end":{"line":2,"column":30}},"2":{"start":{"line":6,"column":0},"end":{"line":6,"column":27}},"3":{"start":{"line":8,"column":0},"end":{"line":26,"column":3}},"4":{"start":{"line":9,"column":15},"end":{"line":13,"column":1}},"5":{"start":{"line":14,"column":13},"end":{"line":14,"column":56}},"6":{"start":{"line":15,"column":0},"end":{"line":25,"column":62}},"7":{"start":{"line":17,"column":18},"end":{"line":17,"column":40}},"8":{"start":{"line":20,"column":4},"end":{"line":20,"column":36}},"9":{"start":{"line":22,"column":4},"end":{"line":22,"column":37}},"10":{"start":{"line":25,"column":18},"end":{"line":25,"column":60}},"11":{"start":{"line":30,"column":0},"end":{"line":30,"column":24}}},"fnMap":{"0":{"name":"(anonymous_0)","decl":{"start":{"line":8,"column":16},"end":{"line":8,"column":17}},"loc":{"start":{"line":8,"column":46},"end":{"line":26,"column":1}},"line":8},"1":{"name":"(anonymous_1)","decl":{"start":{"line":17,"column":8},"end":{"line":17,"column":9}},"loc":{"start":{"line":17,"column":18},"end":{"line":17,"column":40}},"line":17},"2":{"name":"(anonymous_2)","decl":{"start":{"line":18,"column":8},"end":{"line":18,"column":9}},"loc":{"start":{"line":18,"column":19},"end":{"line":24,"column":3}},"line":18},"3":{"name":"(anonymous_3)","decl":{"start":{"line":25,"column":9},"end":{"line":25,"column":10}},"loc":{"start":{"line":25,"column":18},"end":{"line":25,"column":60}},"line":25}},"branchMap":{},"s":{"0":1,"1":1,"2":1,"3":1,"4":0,"5":0,"6":0,"7":0,"8":0,"9":0,"10":0,"11":1},"f":{"0":0,"1":0,"2":0,"3":0},"b":{},"_coverageSchema":"1a1c01bbd47fc00a2c39e90264f33305004495a9","hash":"1f6f00f63e1a5e2452772dec448218f245aad27a"}
,"/Users/aaroncalahorra/Documents/BYUI/CSE341-FinalProject/routes/oauth.js": {"path":"/Users/aaroncalahorra/Documents/BYUI/CSE341-FinalProject/routes/oauth.js","statementMap":{"0":{"start":{"line":1,"column":15},"end":{"line":1,"column":42}},"1":{"start":{"line":2,"column":0},"end":{"line":2,"column":27}},"2":{"start":{"line":4,"column":15},"end":{"line":4,"column":43}},"3":{"start":{"line":6,"column":0},"end":{"line":10,"column":3}},"4":{"start":{"line":7,"column":4},"end":{"line":9,"column":5}},"5":{"start":{"line":12,"column":0},"end":{"line":12,"column":24}}},"fnMap":{"0":{"name":"(anonymous_0)","decl":{"start":{"line":6,"column":15},"end":{"line":6,"column":16}},"loc":{"start":{"line":6,"column":27},"end":{"line":10,"column":1}},"line":6}},"branchMap":{},"s":{"0":1,"1":1,"2":1,"3":1,"4":0,"5":1},"f":{"0":0},"b":{},"_coverageSchema":"1a1c01bbd47fc00a2c39e90264f33305004495a9","hash":"2aefb1a5450b146e6ffd483a3cf65238a6d5c3b0"}
,"/Users/aaroncalahorra/Documents/BYUI/CSE341-FinalProject/routes/swagger.js": {"path":"/Users/aaroncalahorra/Documents/BYUI/CSE341-FinalProject/routes/swagger.js","statementMap":{"0":{"start":{"line":1,"column":15},"end":{"line":1,"column":42}},"1":{"start":{"line":2,"column":18},"end":{"line":2,"column":47}},"2":{"start":{"line":3,"column":24},"end":{"line":3,"column":50}},"3":{"start":{"line":4,"column":11},"end":{"line":4,"column":24}},"4":{"start":{"line":7,"column":0},"end":{"line":7,"column":41}},"5":{"start":{"line":8,"column":0},"end":{"line":8,"column":58}},"6":{"start":{"line":11,"column":0},"end":{"line":11,"column":24}}},"fnMap":{},"branchMap":{},"s":{"0":1,"1":1,"2":1,"3":1,"4":1,"5":1,"6":1},"f":{},"b":{},"_coverageSchema":"1a1c01bbd47fc00a2c39e90264f33305004495a9","hash":"f9385b32353b51919ec5affa1f6ea9eb65b60f20"}
}
