{"C:\\Users\\arred\\OneDrive\\Desktop\\BYUI\\Fall 2022\\CSE341\\CSE341-FinalProject\\controllers\\agents.js": {"path":"C:\\Users\\arred\\OneDrive\\Desktop\\BYUI\\Fall 2022\\CSE341\\CSE341-FinalProject\\controllers\\agents.js","statementMap":{"0":{"start":{"line":2,"column":16},"end":{"line":2,"column":46}},"1":{"start":{"line":4,"column":17},"end":{"line":4,"column":44}},"2":{"start":{"line":7,"column":18},"end":{"line":21,"column":1}},"3":{"start":{"line":10,"column":17},"end":{"line":10,"column":78}},"4":{"start":{"line":13,"column":2},"end":{"line":20,"column":3}},"5":{"start":{"line":14,"column":4},"end":{"line":14,"column":108}},"6":{"start":{"line":16,"column":4},"end":{"line":19,"column":7}},"7":{"start":{"line":17,"column":6},"end":{"line":17,"column":56}},"8":{"start":{"line":18,"column":6},"end":{"line":18,"column":34}},"9":{"start":{"line":25,"column":17},"end":{"line":42,"column":1}},"10":{"start":{"line":27,"column":2},"end":{"line":41,"column":3}},"11":{"start":{"line":28,"column":4},"end":{"line":28,"column":66}},"12":{"start":{"line":31,"column":17},"end":{"line":31,"column":44}},"13":{"start":{"line":33,"column":19},"end":{"line":35,"column":6}},"14":{"start":{"line":37,"column":4},"end":{"line":40,"column":7}},"15":{"start":{"line":38,"column":6},"end":{"line":38,"column":56}},"16":{"start":{"line":39,"column":6},"end":{"line":39,"column":37}},"17":{"start":{"line":46,"column":17},"end":{"line":74,"column":1}},"18":{"start":{"line":49,"column":16},"end":{"line":57,"column":3}},"19":{"start":{"line":58,"column":2},"end":{"line":73,"column":3}},"20":{"start":{"line":60,"column":21},"end":{"line":60,"column":92}},"21":{"start":{"line":62,"column":4},"end":{"line":69,"column":5}},"22":{"start":{"line":63,"column":6},"end":{"line":63,"column":37}},"23":{"start":{"line":64,"column":6},"end":{"line":64,"column":77}},"24":{"start":{"line":68,"column":6},"end":{"line":68,"column":110}},"25":{"start":{"line":71,"column":4},"end":{"line":71,"column":76}},"26":{"start":{"line":72,"column":4},"end":{"line":72,"column":23}},"27":{"start":{"line":77,"column":20},"end":{"line":110,"column":1}},"28":{"start":{"line":80,"column":17},"end":{"line":80,"column":44}},"29":{"start":{"line":82,"column":16},"end":{"line":90,"column":3}},"30":{"start":{"line":91,"column":2},"end":{"line":109,"column":3}},"31":{"start":{"line":93,"column":21},"end":{"line":95,"column":13}},"32":{"start":{"line":97,"column":4},"end":{"line":105,"column":5}},"33":{"start":{"line":98,"column":6},"end":{"line":98,"column":29}},"34":{"start":{"line":99,"column":6},"end":{"line":99,"column":77}},"35":{"start":{"line":103,"column":6},"end":{"line":103,"column":111}},"36":{"start":{"line":104,"column":6},"end":{"line":104,"column":28}},"37":{"start":{"line":107,"column":4},"end":{"line":107,"column":76}},"38":{"start":{"line":108,"column":4},"end":{"line":108,"column":23}},"39":{"start":{"line":115,"column":20},"end":{"line":134,"column":1}},"40":{"start":{"line":117,"column":2},"end":{"line":133,"column":3}},"41":{"start":{"line":118,"column":4},"end":{"line":118,"column":71}},"42":{"start":{"line":121,"column":19},"end":{"line":121,"column":46}},"43":{"start":{"line":123,"column":21},"end":{"line":123,"column":106}},"44":{"start":{"line":125,"column":4},"end":{"line":132,"column":5}},"45":{"start":{"line":126,"column":6},"end":{"line":126,"column":29}},"46":{"start":{"line":127,"column":6},"end":{"line":127,"column":73}},"47":{"start":{"line":131,"column":6},"end":{"line":131,"column":111}},"48":{"start":{"line":137,"column":0},"end":{"line":143,"column":2}}},"fnMap":{"0":{"name":"(anonymous_0)","decl":{"start":{"line":7,"column":18},"end":{"line":7,"column":19}},"loc":{"start":{"line":7,"column":38},"end":{"line":21,"column":1}},"line":7},"1":{"name":"(anonymous_1)","decl":{"start":{"line":16,"column":26},"end":{"line":16,"column":27}},"loc":{"start":{"line":16,"column":37},"end":{"line":19,"column":5}},"line":16},"2":{"name":"(anonymous_2)","decl":{"start":{"line":25,"column":17},"end":{"line":25,"column":18}},"loc":{"start":{"line":25,"column":37},"end":{"line":42,"column":1}},"line":25},"3":{"name":"(anonymous_3)","decl":{"start":{"line":37,"column":26},"end":{"line":37,"column":27}},"loc":{"start":{"line":37,"column":37},"end":{"line":40,"column":5}},"line":37},"4":{"name":"(anonymous_4)","decl":{"start":{"line":46,"column":17},"end":{"line":46,"column":18}},"loc":{"start":{"line":46,"column":37},"end":{"line":74,"column":1}},"line":46},"5":{"name":"(anonymous_5)","decl":{"start":{"line":77,"column":20},"end":{"line":77,"column":21}},"loc":{"start":{"line":77,"column":40},"end":{"line":110,"column":1}},"line":77},"6":{"name":"(anonymous_6)","decl":{"start":{"line":115,"column":20},"end":{"line":115,"column":21}},"loc":{"start":{"line":115,"column":40},"end":{"line":134,"column":1}},"line":115}},"branchMap":{"0":{"loc":{"start":{"line":13,"column":2},"end":{"line":20,"column":3}},"type":"if","locations":[{"start":{"line":13,"column":2},"end":{"line":20,"column":3}},{"start":{"line":15,"column":9},"end":{"line":20,"column":3}}],"line":13},"1":{"loc":{"start":{"line":14,"column":25},"end":{"line":14,"column":106}},"type":"binary-expr","locations":[{"start":{"line":14,"column":25},"end":{"line":14,"column":39}},{"start":{"line":14,"column":43},"end":{"line":14,"column":106}}],"line":14},"2":{"loc":{"start":{"line":27,"column":2},"end":{"line":41,"column":3}},"type":"if","locations":[{"start":{"line":27,"column":2},"end":{"line":41,"column":3}},{"start":{"line":29,"column":9},"end":{"line":41,"column":3}}],"line":27},"3":{"loc":{"start":{"line":58,"column":2},"end":{"line":73,"column":3}},"type":"if","locations":[{"start":{"line":58,"column":2},"end":{"line":73,"column":3}},{"start":{"line":70,"column":9},"end":{"line":73,"column":3}}],"line":58},"4":{"loc":{"start":{"line":62,"column":4},"end":{"line":69,"column":5}},"type":"if","locations":[{"start":{"line":62,"column":4},"end":{"line":69,"column":5}},{"start":{"line":67,"column":9},"end":{"line":69,"column":5}}],"line":62},"5":{"loc":{"start":{"line":68,"column":27},"end":{"line":68,"column":108}},"type":"binary-expr","locations":[{"start":{"line":68,"column":27},"end":{"line":68,"column":41}},{"start":{"line":68,"column":45},"end":{"line":68,"column":108}}],"line":68},"6":{"loc":{"start":{"line":91,"column":2},"end":{"line":109,"column":3}},"type":"if","locations":[{"start":{"line":91,"column":2},"end":{"line":109,"column":3}},{"start":{"line":106,"column":9},"end":{"line":109,"column":3}}],"line":91},"7":{"loc":{"start":{"line":97,"column":4},"end":{"line":105,"column":5}},"type":"if","locations":[{"start":{"line":97,"column":4},"end":{"line":105,"column":5}},{"start":{"line":102,"column":9},"end":{"line":105,"column":5}}],"line":97},"8":{"loc":{"start":{"line":103,"column":27},"end":{"line":103,"column":109}},"type":"binary-expr","locations":[{"start":{"line":103,"column":27},"end":{"line":103,"column":41}},{"start":{"line":103,"column":45},"end":{"line":103,"column":109}}],"line":103},"9":{"loc":{"start":{"line":117,"column":2},"end":{"line":133,"column":3}},"type":"if","locations":[{"start":{"line":117,"column":2},"end":{"line":133,"column":3}},{"start":{"line":119,"column":9},"end":{"line":133,"column":3}}],"line":117},"10":{"loc":{"start":{"line":125,"column":4},"end":{"line":132,"column":5}},"type":"if","locations":[{"start":{"line":125,"column":4},"end":{"line":132,"column":5}},{"start":{"line":130,"column":9},"end":{"line":132,"column":5}}],"line":125},"11":{"loc":{"start":{"line":131,"column":27},"end":{"line":131,"column":109}},"type":"binary-expr","locations":[{"start":{"line":131,"column":27},"end":{"line":131,"column":41}},{"start":{"line":131,"column":45},"end":{"line":131,"column":109}}],"line":131}},"s":{"0":1,"1":1,"2":1,"3":1,"4":0,"5":0,"6":0,"7":0,"8":0,"9":1,"10":1,"11":0,"12":1,"13":1,"14":0,"15":0,"16":0,"17":1,"18":0,"19":0,"20":0,"21":0,"22":0,"23":0,"24":0,"25":0,"26":0,"27":1,"28":0,"29":0,"30":0,"31":0,"32":0,"33":0,"34":0,"35":0,"36":0,"37":0,"38":0,"39":1,"40":0,"41":0,"42":0,"43":0,"44":0,"45":0,"46":0,"47":0,"48":1},"f":{"0":1,"1":0,"2":1,"3":0,"4":0,"5":0,"6":0},"b":{"0":[0,0],"1":[0,0],"2":[0,1],"3":[0,0],"4":[0,0],"5":[0,0],"6":[0,0],"7":[0,0],"8":[0,0],"9":[0,0],"10":[0,0],"11":[0,0]},"_coverageSchema":"1a1c01bbd47fc00a2c39e90264f33305004495a9","hash":"37b852ef2bda44bedacb525d94da7df4ef6e287d"}
,"C:\\Users\\arred\\OneDrive\\Desktop\\BYUI\\Fall 2022\\CSE341\\CSE341-FinalProject\\database\\mongodb.js": {"path":"C:\\Users\\arred\\OneDrive\\Desktop\\BYUI\\Fall 2022\\CSE341\\CSE341-FinalProject\\database\\mongodb.js","statementMap":{"0":{"start":{"line":5,"column":4},"end":{"line":5,"column":22}},"1":{"start":{"line":7,"column":15},"end":{"line":7,"column":32}},"2":{"start":{"line":8,"column":0},"end":{"line":8,"column":16}},"3":{"start":{"line":14,"column":15},"end":{"line":34,"column":1}},"4":{"start":{"line":16,"column":2},"end":{"line":19,"column":3}},"5":{"start":{"line":17,"column":4},"end":{"line":17,"column":58}},"6":{"start":{"line":18,"column":4},"end":{"line":18,"column":31}},"7":{"start":{"line":21,"column":2},"end":{"line":33,"column":7}},"8":{"start":{"line":25,"column":6},"end":{"line":25,"column":19}},"9":{"start":{"line":27,"column":6},"end":{"line":27,"column":26}},"10":{"start":{"line":28,"column":6},"end":{"line":28,"column":56}},"11":{"start":{"line":32,"column":6},"end":{"line":32,"column":20}},"12":{"start":{"line":37,"column":14},"end":{"line":42,"column":1}},"13":{"start":{"line":38,"column":2},"end":{"line":40,"column":3}},"14":{"start":{"line":39,"column":4},"end":{"line":39,"column":91}},"15":{"start":{"line":41,"column":2},"end":{"line":41,"column":13}},"16":{"start":{"line":45,"column":0},"end":{"line":48,"column":2}}},"fnMap":{"0":{"name":"(anonymous_0)","decl":{"start":{"line":14,"column":15},"end":{"line":14,"column":16}},"loc":{"start":{"line":14,"column":29},"end":{"line":34,"column":1}},"line":14},"1":{"name":"(anonymous_1)","decl":{"start":{"line":23,"column":10},"end":{"line":23,"column":11}},"loc":{"start":{"line":23,"column":22},"end":{"line":29,"column":5}},"line":23},"2":{"name":"(anonymous_2)","decl":{"start":{"line":31,"column":11},"end":{"line":31,"column":12}},"loc":{"start":{"line":31,"column":20},"end":{"line":33,"column":5}},"line":31},"3":{"name":"(anonymous_3)","decl":{"start":{"line":37,"column":14},"end":{"line":37,"column":15}},"loc":{"start":{"line":37,"column":20},"end":{"line":42,"column":1}},"line":37}},"branchMap":{"0":{"loc":{"start":{"line":16,"column":2},"end":{"line":19,"column":3}},"type":"if","locations":[{"start":{"line":16,"column":2},"end":{"line":19,"column":3}},{"start":{},"end":{}}],"line":16},"1":{"loc":{"start":{"line":38,"column":2},"end":{"line":40,"column":3}},"type":"if","locations":[{"start":{"line":38,"column":2},"end":{"line":40,"column":3}},{"start":{},"end":{}}],"line":38}},"s":{"0":1,"1":1,"2":1,"3":1,"4":0,"5":0,"6":0,"7":0,"8":0,"9":0,"10":0,"11":0,"12":1,"13":2,"14":2,"15":0,"16":1},"f":{"0":0,"1":0,"2":0,"3":2},"b":{"0":[0,0],"1":[2,0]},"_coverageSchema":"1a1c01bbd47fc00a2c39e90264f33305004495a9","hash":"9e94e56d8fd1e3f53c2da0a2970730bfb06553fa"}
,"C:\\Users\\arred\\OneDrive\\Desktop\\BYUI\\Fall 2022\\CSE341\\CSE341-FinalProject\\routes\\agents.js": {"path":"C:\\Users\\arred\\OneDrive\\Desktop\\BYUI\\Fall 2022\\CSE341\\CSE341-FinalProject\\routes\\agents.js","statementMap":{"0":{"start":{"line":2,"column":15},"end":{"line":2,"column":43}},"1":{"start":{"line":5,"column":19},"end":{"line":5,"column":51}},"2":{"start":{"line":8,"column":0},"end":{"line":8,"column":38}},"3":{"start":{"line":11,"column":0},"end":{"line":11,"column":40}},"4":{"start":{"line":14,"column":0},"end":{"line":14,"column":38}},"5":{"start":{"line":17,"column":0},"end":{"line":17,"column":43}},"6":{"start":{"line":20,"column":0},"end":{"line":20,"column":46}},"7":{"start":{"line":23,"column":0},"end":{"line":23,"column":24}}},"fnMap":{},"branchMap":{},"s":{"0":1,"1":1,"2":1,"3":1,"4":1,"5":1,"6":1,"7":1},"f":{},"b":{},"_coverageSchema":"1a1c01bbd47fc00a2c39e90264f33305004495a9","hash":"185a08c07a194820c8dc0fafec4ffaf7b3d058db"}
}
